Using pre-set license
Built from '2020.3/staging' branch; Version is '2020.3.20f1 (41c4e627c95f) revision 4310246'; Using compiler version '192528614'; Build Type 'Release'
OS: 'Windows 10 Pro; OS build 19042.1348; Version 2009; 64bit' Language: 'fr' Physical Memory: 32677 MB
BatchMode: 1, IsHumanControllingUs: 0, StartBugReporterOnCrash: 0, Is64bit: 1, IsPro: 0

COMMAND LINE ARGUMENTS:
D:\Unity\Hub\Editor\2020.3.20f1\Editor\Unity.exe
-adb2
-batchMode
-noUpm
-name
AssetImportWorker0
-projectPath
D:/Unity/Projects/3WA/3DStealth
-logFile
Logs/AssetImportWorker0.log
-srvPort
62312
Successfully changed project path to: D:/Unity/Projects/3WA/3DStealth
D:/Unity/Projects/3WA/3DStealth
Using Asset Import Pipeline V2.
Refreshing native plugins compatible for Editor in 29.13 ms, found 2 plugins.
Preloading 0 native plugins for Editor in 0.00 ms.
Initialize engine version: 2020.3.20f1 (41c4e627c95f)
[Subsystems] Discovering subsystems at path D:/Unity/Hub/Editor/2020.3.20f1/Editor/Data/Resources/UnitySubsystems
[Subsystems] Discovering subsystems at path D:/Unity/Projects/3WA/3DStealth/Assets
GfxDevice: creating device client; threaded=0
Direct3D:
    Version:  Direct3D 11.0 [level 11.1]
    Renderer: NVIDIA GeForce RTX 2080 (ID=0x1e82)
    Vendor:   
    VRAM:     8010 MB
    Driver:   30.0.14.9676
Initialize mono
Mono path[0] = 'D:/Unity/Hub/Editor/2020.3.20f1/Editor/Data/Managed'
Mono path[1] = 'D:/Unity/Hub/Editor/2020.3.20f1/Editor/Data/MonoBleedingEdge/lib/mono/unityjit'
Mono config path = 'D:/Unity/Hub/Editor/2020.3.20f1/Editor/Data/MonoBleedingEdge/etc'
Using monoOptions --debugger-agent=transport=dt_socket,embedding=1,server=y,suspend=n,address=127.0.0.1:56100
Begin MonoManager ReloadAssembly
Registering precompiled unity dll's ...
Register platform support module: D:/Unity/Hub/Editor/2020.3.20f1/Editor/Data/PlaybackEngines/WebGLSupport/UnityEditor.WebGL.Extensions.dll
Register platform support module: D:/Unity/Hub/Editor/2020.3.20f1/Editor/Data/PlaybackEngines/WindowsStandaloneSupport/UnityEditor.WindowsStandalone.Extensions.dll
Registered in 0.001269 seconds.
Native extension for WindowsStandalone target not found
Native extension for WebGL target not found
Refreshing native plugins compatible for Editor in 27.66 ms, found 2 plugins.
Preloading 0 native plugins for Editor in 0.00 ms.
Mono: successfully reloaded assembly
- Completed reload, in  2.341 seconds
Domain Reload Profiling:
	ReloadAssembly (2341ms)
		BeginReloadAssembly (57ms)
			ExecutionOrderSort (0ms)
			DisableScriptedObjects (0ms)
			BackupInstance (0ms)
			ReleaseScriptingObjects (0ms)
			CreateAndSetChildDomain (1ms)
		EndReloadAssembly (349ms)
			LoadAssemblies (57ms)
			RebuildTransferFunctionScriptingTraits (0ms)
			SetupTypeCache (123ms)
			ReleaseScriptCaches (0ms)
			RebuildScriptCaches (30ms)
			SetupLoadedEditorAssemblies (136ms)
				LogAssemblyErrors (0ms)
				InitializePlatformSupportModulesInManaged (4ms)
				SetLoadedEditorAssemblies (0ms)
				RefreshPlugins (28ms)
				BeforeProcessingInitializeOnLoad (13ms)
				ProcessInitializeOnLoadAttributes (69ms)
				ProcessInitializeOnLoadMethodAttributes (22ms)
				AfterProcessingInitializeOnLoad (0ms)
				EditorAssembliesLoaded (0ms)
			ExecutionOrderSort2 (0ms)
			AwakeInstancesAfterBackupRestoration (0ms)
Platform modules already initialized, skipping
Registering precompiled user dll's ...
Registered in 0.002293 seconds.
Begin MonoManager ReloadAssembly
Native extension for WindowsStandalone target not found
Native extension for WebGL target not found
Refreshing native plugins compatible for Editor in 0.29 ms, found 2 plugins.
Preloading 0 native plugins for Editor in 0.00 ms.
Mono: successfully reloaded assembly
- Completed reload, in  0.886 seconds
Domain Reload Profiling:
	ReloadAssembly (887ms)
		BeginReloadAssembly (136ms)
			ExecutionOrderSort (0ms)
			DisableScriptedObjects (4ms)
			BackupInstance (0ms)
			ReleaseScriptingObjects (0ms)
			CreateAndSetChildDomain (15ms)
		EndReloadAssembly (704ms)
			LoadAssemblies (95ms)
			RebuildTransferFunctionScriptingTraits (0ms)
			SetupTypeCache (226ms)
			ReleaseScriptCaches (0ms)
			RebuildScriptCaches (45ms)
			SetupLoadedEditorAssemblies (278ms)
				LogAssemblyErrors (0ms)
				InitializePlatformSupportModulesInManaged (5ms)
				SetLoadedEditorAssemblies (0ms)
				RefreshPlugins (0ms)
				BeforeProcessingInitializeOnLoad (68ms)
				ProcessInitializeOnLoadAttributes (199ms)
				ProcessInitializeOnLoadMethodAttributes (3ms)
				AfterProcessingInitializeOnLoad (2ms)
				EditorAssembliesLoaded (0ms)
			ExecutionOrderSort2 (0ms)
			AwakeInstancesAfterBackupRestoration (5ms)
Platform modules already initialized, skipping
========================================================================
Worker process is ready to serve import requests
Launched and connected shader compiler UnityShaderCompiler.exe after 0.06 seconds
Refreshing native plugins compatible for Editor in 0.30 ms, found 2 plugins.
Preloading 0 native plugins for Editor in 0.00 ms.
Unloading 1910 Unused Serialized files (Serialized files now loaded: 0)
System memory in use before: 86.0 MB.
System memory in use after: 86.1 MB.

Unloading 18 unused Assets to reduce memory usage. Loaded Objects now: 2346.
Total: 2.532700 ms (FindLiveObjects: 0.131000 ms CreateObjectMapping: 0.049800 ms MarkObjects: 2.266800 ms  DeleteObjects: 0.084400 ms)

AssetImportParameters requested are different than current active one (requested -> active):
  custom:framework-win-MediaFoundation: 216162199b28c13a410421893ffa2e32 -> 
  custom:video-decoder-ogg-theora: a1e56fd34408186e4bbccfd4996cb3dc -> 
  custom:container-muxer-webm: aa71ff27fc2769a1b78a27578f13a17b -> 
  custom:container-demuxer-webm: 4f35f7cbe854078d1ac9338744f61a02 -> 
  custom:container-demuxer-ogg: 62fdf1f143b41e24485cea50d1cbac27 -> 
  custom:video-encoder-webm-vp8: eb34c28f22e8b96e1ab97ce403110664 -> 
  custom:video-decoder-webm-vp8: 9c59270c3fd7afecdb556c50c9e8de78 -> 
  custom:audio-decoder-ogg-vorbis: bf7c407c2cedff20999df2af8eb42d56 -> 
  custom:audio-encoder-webm-vorbis: bf7c407c2cedff20999df2af8eb42d56 -> 
========================================================================
Received Import Request.
  path: Assets/Models/Characters/Bandit/Bandit.fbx
  artifactKey: Guid(31bc5299503c0fe4db0163e0888f5bc8) Importer(815301076,1909f56bfc062723c751e8b465ee728b)
Start importing Assets/Models/Characters/Bandit/Bandit.fbx using Guid(31bc5299503c0fe4db0163e0888f5bc8) Importer(815301076,1909f56bfc062723c751e8b465ee728b)  -> (artifact id: 'ae7c37eb0f6cea55be9a56ccabe9d481') in 0.285335 seconds 
  Import took 0.287711 seconds .

========================================================================
Received Import Request.
  Time since last request: 0.000259 seconds.
  path: Assets/Models/Characters/Bandit/HeroicTraversal_MoveList.pdf
  artifactKey: Guid(7e4851e87e18edd4bb4723229c1b3ae0) Importer(815301076,1909f56bfc062723c751e8b465ee728b)
Start importing Assets/Models/Characters/Bandit/HeroicTraversal_MoveList.pdf using Guid(7e4851e87e18edd4bb4723229c1b3ae0) Importer(815301076,1909f56bfc062723c751e8b465ee728b)  -> (artifact id: 'f8bc749f27f712543b66ff736fb9e3e8') in 0.016438 seconds 
  Import took 0.018786 seconds .

========================================================================
Received Import Request.
  Time since last request: 0.000235 seconds.
  path: Assets/Models/Characters
  artifactKey: Guid(4b7eb75978e94aa49a76a2b845c23da9) Importer(815301076,1909f56bfc062723c751e8b465ee728b)
Start importing Assets/Models/Characters using Guid(4b7eb75978e94aa49a76a2b845c23da9) Importer(815301076,1909f56bfc062723c751e8b465ee728b)  -> (artifact id: '9ccce18bf8ac274ad6dc96dbfa6bce3b') in 0.004973 seconds 
  Import took 0.007622 seconds .

========================================================================
Received Import Request.
  Time since last request: 0.000245 seconds.
  path: Assets/Models/Characters/Bandit
  artifactKey: Guid(77ecae1aa43f2a14c9ead67ff480dddf) Importer(815301076,1909f56bfc062723c751e8b465ee728b)
Start importing Assets/Models/Characters/Bandit using Guid(77ecae1aa43f2a14c9ead67ff480dddf) Importer(815301076,1909f56bfc062723c751e8b465ee728b)  -> (artifact id: '470eb679c58a5adf7b1b6018500db4cb') in 0.002322 seconds 
  Import took 0.004732 seconds .

========================================================================
Received Import Request.
  Time since last request: 1.278742 seconds.
  path: Assets/Models/Characters/Bandit/HeroicTraversal_Instructions.pdf
  artifactKey: Guid(cc426b23d0ac1244fa60317232f07a4f) Importer(815301076,1909f56bfc062723c751e8b465ee728b)
Start importing Assets/Models/Characters/Bandit/HeroicTraversal_Instructions.pdf using Guid(cc426b23d0ac1244fa60317232f07a4f) Importer(815301076,1909f56bfc062723c751e8b465ee728b)  -> (artifact id: '2bbbc363d16b5d7ae10315d17f2caa87') in 0.011583 seconds 
  Import took 0.014133 seconds .

========================================================================
Received Import Request.
  Time since last request: 1.149464 seconds.
  path: Assets/Models/Characters/Bandit/Animations
  artifactKey: Guid(c3775c4a6775b544a917a9b13dd0438d) Importer(815301076,1909f56bfc062723c751e8b465ee728b)
Start importing Assets/Models/Characters/Bandit/Animations using Guid(c3775c4a6775b544a917a9b13dd0438d) Importer(815301076,1909f56bfc062723c751e8b465ee728b)  -> (artifact id: '420ff544acc74265a5870c31692ac629') in 0.004947 seconds 
  Import took 0.007222 seconds .

========================================================================
Received Import Request.
  Time since last request: 0.052204 seconds.
  path: Assets/Models/Characters/Bandit/Animations/Fall.fbx
  artifactKey: Guid(ed235e5b171fd6b43b33cb4392419546) Importer(815301076,1909f56bfc062723c751e8b465ee728b)
Start importing Assets/Models/Characters/Bandit/Animations/Fall.fbx using Guid(ed235e5b171fd6b43b33cb4392419546) Importer(815301076,1909f56bfc062723c751e8b465ee728b)  -> (artifact id: 'eb13390aed12ec10b51d9c02d81a8c9f') in 0.009219 seconds 
  Import took 0.011775 seconds .

========================================================================
Received Import Request.
  Time since last request: 0.000289 seconds.
  path: Assets/Models/Characters/Bandit/Animations/Run.fbx
  artifactKey: Guid(b83e57367e8f9094dba23cc9f9d57b4c) Importer(815301076,1909f56bfc062723c751e8b465ee728b)
Start importing Assets/Models/Characters/Bandit/Animations/Run.fbx using Guid(b83e57367e8f9094dba23cc9f9d57b4c) Importer(815301076,1909f56bfc062723c751e8b465ee728b)  -> (artifact id: '717fea8d52c10498d7007c0b1d44c2ec') in 0.011308 seconds 
  Import took 0.013822 seconds .

========================================================================
Received Import Request.
  Time since last request: 0.000243 seconds.
  path: Assets/Models/Characters/Bandit/Animations/Walk_Start.fbx
  artifactKey: Guid(394c673477ec0374d81f85ec444e8ece) Importer(815301076,1909f56bfc062723c751e8b465ee728b)
Start importing Assets/Models/Characters/Bandit/Animations/Walk_Start.fbx using Guid(394c673477ec0374d81f85ec444e8ece) Importer(815301076,1909f56bfc062723c751e8b465ee728b)  -> (artifact id: '13ff073d4a6ae027b9393a86e8ed1fe9') in 0.008590 seconds 
  Import took 0.011268 seconds .

========================================================================
Received Import Request.
  Time since last request: 0.000243 seconds.
  path: Assets/Models/Characters/Bandit/Animations/Ledge_Mount.fbx
  artifactKey: Guid(cdf915b0cd62920439214846e876be20) Importer(815301076,1909f56bfc062723c751e8b465ee728b)
Start importing Assets/Models/Characters/Bandit/Animations/Ledge_Mount.fbx using Guid(cdf915b0cd62920439214846e876be20) Importer(815301076,1909f56bfc062723c751e8b465ee728b)  -> (artifact id: '1c2ad6aeedfdebcf80a3e8b1372f424f') in 0.012866 seconds 
  Import took 0.015839 seconds .

========================================================================
Received Import Request.
  Time since last request: 0.000245 seconds.
  path: Assets/Models/Characters/Bandit/Animations/Walk_Jump.fbx
  artifactKey: Guid(ec94041e28ac5f04e9924d7340ba33b7) Importer(815301076,1909f56bfc062723c751e8b465ee728b)
Start importing Assets/Models/Characters/Bandit/Animations/Walk_Jump.fbx using Guid(ec94041e28ac5f04e9924d7340ba33b7) Importer(815301076,1909f56bfc062723c751e8b465ee728b)  -> (artifact id: '2cd8d3f89f1ff436a416ce3177ce0857') in 0.010093 seconds 
  Import took 0.013333 seconds .

========================================================================
Received Import Request.
  Time since last request: 0.000310 seconds.
  path: Assets/Models/Characters/Bandit/Animations/Run_Jump.fbx
  artifactKey: Guid(9c31ecd651f286c49a8c32a4483f9cab) Importer(815301076,1909f56bfc062723c751e8b465ee728b)
Start importing Assets/Models/Characters/Bandit/Animations/Run_Jump.fbx using Guid(9c31ecd651f286c49a8c32a4483f9cab) Importer(815301076,1909f56bfc062723c751e8b465ee728b)  -> (artifact id: 'f0b308443b8d4efdd7d930db2565c7db') in 0.010913 seconds 
  Import took 0.014458 seconds .

========================================================================
Received Import Request.
  Time since last request: 0.000262 seconds.
  path: Assets/Models/Characters/Bandit/Animations/Run_Start.fbx
  artifactKey: Guid(99023b3b18391254ea3c4f662fbb6eab) Importer(815301076,1909f56bfc062723c751e8b465ee728b)
Start importing Assets/Models/Characters/Bandit/Animations/Run_Start.fbx using Guid(99023b3b18391254ea3c4f662fbb6eab) Importer(815301076,1909f56bfc062723c751e8b465ee728b)  -> (artifact id: '25a69d8b1787c0876a624e9334be33e4') in 0.010538 seconds 
  Import took 0.013614 seconds .

========================================================================
Received Import Request.
  Time since last request: 0.000239 seconds.
  path: Assets/Models/Characters/Bandit/Animations/Land_Roll_ToStand.fbx
  artifactKey: Guid(9d1365b79cf33914bb9aed56b6861927) Importer(815301076,1909f56bfc062723c751e8b465ee728b)
Start importing Assets/Models/Characters/Bandit/Animations/Land_Roll_ToStand.fbx using Guid(9d1365b79cf33914bb9aed56b6861927) Importer(815301076,1909f56bfc062723c751e8b465ee728b)  -> (artifact id: 'a02b8a30df22cc5596e36cc24de74953') in 0.009766 seconds 
  Import took 0.012332 seconds .

========================================================================
Received Import Request.
  Time since last request: 0.000255 seconds.
  path: Assets/Models/Characters/Bandit/Animations/Idle.fbx
  artifactKey: Guid(95a3b2599bdb03a4ca0af6b9b4f30fdd) Importer(815301076,1909f56bfc062723c751e8b465ee728b)
Start importing Assets/Models/Characters/Bandit/Animations/Idle.fbx using Guid(95a3b2599bdb03a4ca0af6b9b4f30fdd) Importer(815301076,1909f56bfc062723c751e8b465ee728b)  -> (artifact id: 'e54dc3550250cf55cce36a521a6e7ddc') in 0.016623 seconds 
  Import took 0.019776 seconds .

========================================================================
Received Import Request.
  Time since last request: 0.000167 seconds.
  path: Assets/Models/Characters/Bandit/Animations/Walk.fbx
  artifactKey: Guid(6774af8349e22fb4fbe91f48878e50d1) Importer(815301076,1909f56bfc062723c751e8b465ee728b)
Start importing Assets/Models/Characters/Bandit/Animations/Walk.fbx using Guid(6774af8349e22fb4fbe91f48878e50d1) Importer(815301076,1909f56bfc062723c751e8b465ee728b)  -> (artifact id: '2c6b11dfc1e58c9bbb266f3e03034d77') in 0.010153 seconds 
  Import took 0.012701 seconds .

========================================================================
Received Import Request.
  Time since last request: 0.000180 seconds.
  path: Assets/Models/Characters/Bandit/Animations/Land_Roll_ToRun.fbx
  artifactKey: Guid(2c43c5659d6406341a78cc6358096dae) Importer(815301076,1909f56bfc062723c751e8b465ee728b)
Start importing Assets/Models/Characters/Bandit/Animations/Land_Roll_ToRun.fbx using Guid(2c43c5659d6406341a78cc6358096dae) Importer(815301076,1909f56bfc062723c751e8b465ee728b)  -> (artifact id: 'ccd57b58c26b83f8847537df2c951f41') in 0.009705 seconds 
  Import took 0.012304 seconds .

========================================================================
Received Import Request.
  Time since last request: 0.000319 seconds.
  path: Assets/Models/Characters/Bandit/Animations/Jog_Start.fbx
  artifactKey: Guid(01aa3b0d73035d942838548a0ed22011) Importer(815301076,1909f56bfc062723c751e8b465ee728b)
Start importing Assets/Models/Characters/Bandit/Animations/Jog_Start.fbx using Guid(01aa3b0d73035d942838548a0ed22011) Importer(815301076,1909f56bfc062723c751e8b465ee728b)  -> (artifact id: '2884c00b74abb13b6646b1fb69ca9eee') in 0.009414 seconds 
  Import took 0.012092 seconds .

========================================================================
Received Import Request.
  Time since last request: 0.000210 seconds.
  path: Assets/Models/Characters/Bandit/Animations/Land_Heroic.fbx
  artifactKey: Guid(ff4bed1c84c45284ea58b490480a9bb0) Importer(815301076,1909f56bfc062723c751e8b465ee728b)
Start importing Assets/Models/Characters/Bandit/Animations/Land_Heroic.fbx using Guid(ff4bed1c84c45284ea58b490480a9bb0) Importer(815301076,1909f56bfc062723c751e8b465ee728b)  -> (artifact id: 'ac73a76f93e28ef4b6499d7d6bf2dff4') in 0.011704 seconds 
  Import took 0.014077 seconds .

========================================================================
Received Import Request.
  Time since last request: 0.000246 seconds.
  path: Assets/Models/Characters/Bandit/Animations/Roll_ToStand.fbx
  artifactKey: Guid(c0089707176c9e04a9f5dbe3ad8dc0b0) Importer(815301076,1909f56bfc062723c751e8b465ee728b)
Start importing Assets/Models/Characters/Bandit/Animations/Roll_ToStand.fbx using Guid(c0089707176c9e04a9f5dbe3ad8dc0b0) Importer(815301076,1909f56bfc062723c751e8b465ee728b)  -> (artifact id: '012730e30a580aaf8b4762b35062fe4a') in 0.009033 seconds 
  Import took 0.011903 seconds .

========================================================================
Received Import Request.
  Time since last request: 0.000241 seconds.
  path: Assets/Models/Characters/Bandit/Animations/Jog_Jump.fbx
  artifactKey: Guid(7c89b2df9eaca034d915239fac7ad1fc) Importer(815301076,1909f56bfc062723c751e8b465ee728b)
Start importing Assets/Models/Characters/Bandit/Animations/Jog_Jump.fbx using Guid(7c89b2df9eaca034d915239fac7ad1fc) Importer(815301076,1909f56bfc062723c751e8b465ee728b)  -> (artifact id: '423fb82eb33623fd68d8eb9b981e6cee') in 0.009722 seconds 
  Import took 0.012186 seconds .

========================================================================
Received Import Request.
  Time since last request: 0.000210 seconds.
  path: Assets/Models/Characters/Bandit/Animations/Stand_Mount.fbx
  artifactKey: Guid(172c5cd12345b6d4eb866330f7d946c2) Importer(815301076,1909f56bfc062723c751e8b465ee728b)
Start importing Assets/Models/Characters/Bandit/Animations/Stand_Mount.fbx using Guid(172c5cd12345b6d4eb866330f7d946c2) Importer(815301076,1909f56bfc062723c751e8b465ee728b)  -> (artifact id: '3e4ebc2b226463fdfdf693b39cf2144b') in 0.016025 seconds 
  Import took 0.019023 seconds .

========================================================================
Received Import Request.
  Time since last request: 0.000152 seconds.
  path: Assets/Models/Characters/Bandit/Animations/Run_Stop.fbx
  artifactKey: Guid(5378c48766bf2fe4394861d4c59402c8) Importer(815301076,1909f56bfc062723c751e8b465ee728b)
Start importing Assets/Models/Characters/Bandit/Animations/Run_Stop.fbx using Guid(5378c48766bf2fe4394861d4c59402c8) Importer(815301076,1909f56bfc062723c751e8b465ee728b)  -> (artifact id: 'e932b30fb4a65b803bb9074c523437d9') in 0.009278 seconds 
  Import took 0.011862 seconds .

========================================================================
Received Import Request.
  Time since last request: 0.000248 seconds.
  path: Assets/Models/Characters/Bandit/Animations/Jog_Strafe.fbx
  artifactKey: Guid(fe7a41de94d2f9f45a07f2871ed92b5a) Importer(815301076,1909f56bfc062723c751e8b465ee728b)
Start importing Assets/Models/Characters/Bandit/Animations/Jog_Strafe.fbx using Guid(fe7a41de94d2f9f45a07f2871ed92b5a) Importer(815301076,1909f56bfc062723c751e8b465ee728b)  -> (artifact id: 'bdd1f7934ae60d26b6092d05515a973a') in 0.013431 seconds 
  Import took 0.016519 seconds .

========================================================================
Received Import Request.
  Time since last request: 0.000175 seconds.
  path: Assets/Models/Characters/Bandit/Animations/Jog.fbx
  artifactKey: Guid(d9d144aab04d55148833d2a06092f247) Importer(815301076,1909f56bfc062723c751e8b465ee728b)
Start importing Assets/Models/Characters/Bandit/Animations/Jog.fbx using Guid(d9d144aab04d55148833d2a06092f247) Importer(815301076,1909f56bfc062723c751e8b465ee728b)  -> (artifact id: '51169e7f08ede73161e142a055ef1028') in 0.010683 seconds 
  Import took 0.013347 seconds .

========================================================================
Received Import Request.
  Time since last request: 0.000304 seconds.
  path: Assets/Models/Characters/Bandit/Animations/Idle_Pivot.fbx
  artifactKey: Guid(b5a692f0e3137d94dbc47ff54c7ebe86) Importer(815301076,1909f56bfc062723c751e8b465ee728b)
Start importing Assets/Models/Characters/Bandit/Animations/Idle_Pivot.fbx using Guid(b5a692f0e3137d94dbc47ff54c7ebe86) Importer(815301076,1909f56bfc062723c751e8b465ee728b)  -> (artifact id: 'ad36bf4d84a7cd64559dbf1e2575ece0') in 0.015966 seconds 
  Import took 0.020000 seconds .

========================================================================
Received Import Request.
  Time since last request: 0.000233 seconds.
  path: Assets/Models/Characters/Bandit/Animations/Jump.fbx
  artifactKey: Guid(e0397097d1eb18540b613b9fc8420d45) Importer(815301076,1909f56bfc062723c751e8b465ee728b)
Start importing Assets/Models/Characters/Bandit/Animations/Jump.fbx using Guid(e0397097d1eb18540b613b9fc8420d45) Importer(815301076,1909f56bfc062723c751e8b465ee728b)  -> (artifact id: '50fd7b076954c65c68ea6006a4afc8cc') in 0.011924 seconds 
  Import took 0.014689 seconds .

========================================================================
Received Import Request.
  Time since last request: 0.000214 seconds.
  path: Assets/Models/Characters/Bandit/Animations/Slide.fbx
  artifactKey: Guid(bb1ba91cd4963a34a8a606fdd7b2529c) Importer(815301076,1909f56bfc062723c751e8b465ee728b)
Start importing Assets/Models/Characters/Bandit/Animations/Slide.fbx using Guid(bb1ba91cd4963a34a8a606fdd7b2529c) Importer(815301076,1909f56bfc062723c751e8b465ee728b)  -> (artifact id: '53a7cbdd2caf7cd27dbba8aa5fcb0680') in 0.012584 seconds 
  Import took 0.015472 seconds .

========================================================================
Received Import Request.
  Time since last request: 0.000229 seconds.
  path: Assets/Models/Characters/Bandit/Animations/Roll_ToRun.fbx
  artifactKey: Guid(3f1ef2abff539da44a3816cd2cacfce2) Importer(815301076,1909f56bfc062723c751e8b465ee728b)
Start importing Assets/Models/Characters/Bandit/Animations/Roll_ToRun.fbx using Guid(3f1ef2abff539da44a3816cd2cacfce2) Importer(815301076,1909f56bfc062723c751e8b465ee728b)  -> (artifact id: 'f6c64bc9161651b80d69cda6b2faa74b') in 0.009359 seconds 
  Import took 0.012037 seconds .

========================================================================
Received Import Request.
  Time since last request: 0.000243 seconds.
  path: Assets/Models/Characters/Bandit/Animations/Jog_Stop.fbx
  artifactKey: Guid(fc02e8c5566270346af068f3591733b8) Importer(815301076,1909f56bfc062723c751e8b465ee728b)
Start importing Assets/Models/Characters/Bandit/Animations/Jog_Stop.fbx using Guid(fc02e8c5566270346af068f3591733b8) Importer(815301076,1909f56bfc062723c751e8b465ee728b)  -> (artifact id: '1df1c1f3605a72c0d0e5257d0cd71a56') in 0.008959 seconds 
  Import took 0.011473 seconds .

========================================================================
Received Import Request.
  Time since last request: 0.000255 seconds.
  path: Assets/Models/Characters/Bandit/Animations/Ledge_Swing.fbx
  artifactKey: Guid(6bad8d3c747ec794ca0d0e0c0f08e3e8) Importer(815301076,1909f56bfc062723c751e8b465ee728b)
Start importing Assets/Models/Characters/Bandit/Animations/Ledge_Swing.fbx using Guid(6bad8d3c747ec794ca0d0e0c0f08e3e8) Importer(815301076,1909f56bfc062723c751e8b465ee728b)  -> (artifact id: '47954e4e876e652d3e5fe9cb17ced41f') in 0.016783 seconds 
  Import took 0.019857 seconds .

========================================================================
Received Import Request.
  Time since last request: 0.652137 seconds.
  path: Assets/Models/Characters/Bandit/Animations/Walk_Stop.fbx
  artifactKey: Guid(4ff51d27216789540aec46ad2d02c941) Importer(815301076,1909f56bfc062723c751e8b465ee728b)
Start importing Assets/Models/Characters/Bandit/Animations/Walk_Stop.fbx using Guid(4ff51d27216789540aec46ad2d02c941) Importer(815301076,1909f56bfc062723c751e8b465ee728b)  -> (artifact id: '75c1146da1dd6de7370c12108391114a') in 0.008619 seconds 
  Import took 0.011159 seconds .

========================================================================
Received Import Request.
  Time since last request: 0.000207 seconds.
  path: Assets/Models/Characters/Bandit/Animations/Walk_Strafe.fbx
  artifactKey: Guid(89b21362c7fa9e242bb48a00ab0ae419) Importer(815301076,1909f56bfc062723c751e8b465ee728b)
Start importing Assets/Models/Characters/Bandit/Animations/Walk_Strafe.fbx using Guid(89b21362c7fa9e242bb48a00ab0ae419) Importer(815301076,1909f56bfc062723c751e8b465ee728b)  -> (artifact id: '3829d8a213b9e8fdc9080902060dcfef') in 0.016850 seconds 
  Import took 0.019847 seconds .

========================================================================
Received Import Request.
  Time since last request: 0.000275 seconds.
  path: Assets/Models/Characters/Bandit/Animations/Wall_Climb.fbx
  artifactKey: Guid(a5a41eb454bd4124480bd9cf91ca0115) Importer(815301076,1909f56bfc062723c751e8b465ee728b)
Start importing Assets/Models/Characters/Bandit/Animations/Wall_Climb.fbx using Guid(a5a41eb454bd4124480bd9cf91ca0115) Importer(815301076,1909f56bfc062723c751e8b465ee728b)  -> (artifact id: '03e18ada65ab795b82174c4a9f66d948') in 0.025881 seconds 
  Import took 0.029905 seconds .

========================================================================
Received Import Request.
  Time since last request: 0.003700 seconds.
  path: Assets/Models/Characters/Bandit/Animations/Wall_Climb_Idle.fbx
  artifactKey: Guid(489b5c4bb49b55248b51cd974046fba5) Importer(815301076,1909f56bfc062723c751e8b465ee728b)
Start importing Assets/Models/Characters/Bandit/Animations/Wall_Climb_Idle.fbx using Guid(489b5c4bb49b55248b51cd974046fba5) Importer(815301076,1909f56bfc062723c751e8b465ee728b)  -> (artifact id: '45cf55fd620f36c14594ae8c218d2bf3') in 0.016925 seconds 
  Import took 0.020508 seconds .

========================================================================
Received Import Request.
  Time since last request: 0.000245 seconds.
  path: Assets/Models/Characters/Bandit/Animations/Wall_Climb_Jump.fbx
  artifactKey: Guid(99d60f07aee7c5048963af25aa8de92c) Importer(815301076,1909f56bfc062723c751e8b465ee728b)
Start importing Assets/Models/Characters/Bandit/Animations/Wall_Climb_Jump.fbx using Guid(99d60f07aee7c5048963af25aa8de92c) Importer(815301076,1909f56bfc062723c751e8b465ee728b)  -> (artifact id: 'd6a5a10cbe3138573fbdc142019ad54d') in 0.012649 seconds 
  Import took 0.015306 seconds .

========================================================================
Received Import Request.
  Time since last request: 0.000257 seconds.
  path: Assets/Models/Characters/Bandit/Animations/Wall_Run.fbx
  artifactKey: Guid(0c3ebaa4cf8ddd94fa3a921dff63ed95) Importer(815301076,1909f56bfc062723c751e8b465ee728b)
Start importing Assets/Models/Characters/Bandit/Animations/Wall_Run.fbx using Guid(0c3ebaa4cf8ddd94fa3a921dff63ed95) Importer(815301076,1909f56bfc062723c751e8b465ee728b)  -> (artifact id: '6b0c3e868567c164c7468d7daa6527b8') in 0.015297 seconds 
  Import took 0.018325 seconds .

========================================================================
Received Import Request.
  Time since last request: 0.038699 seconds.
  path: Assets/Models/Characters/Bandit/Animations/Wall_Run_Jump.fbx
  artifactKey: Guid(9f7b85445d329034fb37336b23f25dd8) Importer(815301076,1909f56bfc062723c751e8b465ee728b)
Start importing Assets/Models/Characters/Bandit/Animations/Wall_Run_Jump.fbx using Guid(9f7b85445d329034fb37336b23f25dd8) Importer(815301076,1909f56bfc062723c751e8b465ee728b)  -> (artifact id: '2fbf8be974ad318d9c96d226bd73a84f') in 0.011991 seconds 
  Import took 0.015415 seconds .

========================================================================
Received Import Request.
  Time since last request: 337.872599 seconds.
  path: Assets/Animations
  artifactKey: Guid(854d18590e6d9064898ae8fc755724ec) Importer(815301076,1909f56bfc062723c751e8b465ee728b)
Start importing Assets/Animations using Guid(854d18590e6d9064898ae8fc755724ec) Importer(815301076,1909f56bfc062723c751e8b465ee728b)  -> (artifact id: 'b66df0653d83928c44b83503dcceaded') in 0.002162 seconds 
  Import took 0.004916 seconds .

========================================================================
Received Import Request.
  Time since last request: 21.580556 seconds.
  path: Assets/Animations/Player_InPlace.controller
  artifactKey: Guid(715813d00a6bfe4479a92861a259c92e) Importer(815301076,1909f56bfc062723c751e8b465ee728b)
Start importing Assets/Animations/Player_InPlace.controller using Guid(715813d00a6bfe4479a92861a259c92e) Importer(815301076,1909f56bfc062723c751e8b465ee728b)  -> (artifact id: 'c5eb46b2773c698af0a006a41bed5a54') in 0.008781 seconds 
  Import took 0.011147 seconds .

========================================================================
Received Import Request.
  Time since last request: 177.864688 seconds.
  path: Assets/Models/Characters/Bandit/Materials/Black.mat
  artifactKey: Guid(6e4314679ee621f4396b0242ccf83720) Importer(815301076,1909f56bfc062723c751e8b465ee728b)
Start importing Assets/Models/Characters/Bandit/Materials/Black.mat using Guid(6e4314679ee621f4396b0242ccf83720) Importer(815301076,1909f56bfc062723c751e8b465ee728b)  -> (artifact id: 'b34eb5baffdbf2215a3c15a867ee1465') in 0.023101 seconds 
  Import took 0.025959 seconds .

========================================================================
Received Import Request.
  Time since last request: 0.000252 seconds.
  path: Assets/Models/Characters/Bandit/Materials/White.mat
  artifactKey: Guid(385e772137dcbaa4f9529e67f5cc45f0) Importer(815301076,1909f56bfc062723c751e8b465ee728b)
Start importing Assets/Models/Characters/Bandit/Materials/White.mat using Guid(385e772137dcbaa4f9529e67f5cc45f0) Importer(815301076,1909f56bfc062723c751e8b465ee728b)  -> (artifact id: 'd7cb4d5021206d5534fcac0c1d80642c') in 0.010500 seconds 
  Import took 0.012762 seconds .

========================================================================
Received Import Request.
  Time since last request: 0.000283 seconds.
  path: Assets/Models/Characters/Bandit/Materials/Gray.mat
  artifactKey: Guid(214d6d9ac7203f74094bb46eb2b6f99c) Importer(815301076,1909f56bfc062723c751e8b465ee728b)
Start importing Assets/Models/Characters/Bandit/Materials/Gray.mat using Guid(214d6d9ac7203f74094bb46eb2b6f99c) Importer(815301076,1909f56bfc062723c751e8b465ee728b)  -> (artifact id: '322e424b445e9430ded064b40580fbb5') in 0.011434 seconds 
  Import took 0.014613 seconds .

========================================================================
Received Import Request.
  Time since last request: 0.000172 seconds.
  path: Assets/Models/Characters/Bandit/Materials/GrayLight.mat
  artifactKey: Guid(d1fc6f98e6e65944e8008af6e22991fe) Importer(815301076,1909f56bfc062723c751e8b465ee728b)
Start importing Assets/Models/Characters/Bandit/Materials/GrayLight.mat using Guid(d1fc6f98e6e65944e8008af6e22991fe) Importer(815301076,1909f56bfc062723c751e8b465ee728b)  -> (artifact id: '96bbbe2493901df932f075dc800cc506') in 0.010496 seconds 
  Import took 0.013368 seconds .

========================================================================
Received Import Request.
  Time since last request: 0.000164 seconds.
  path: Assets/Models/Characters/Bandit/Materials/GrayDark.mat
  artifactKey: Guid(28247b8b2cf2abf46a3d72a3396ceedc) Importer(815301076,1909f56bfc062723c751e8b465ee728b)
Start importing Assets/Models/Characters/Bandit/Materials/GrayDark.mat using Guid(28247b8b2cf2abf46a3d72a3396ceedc) Importer(815301076,1909f56bfc062723c751e8b465ee728b)  -> (artifact id: 'a29e9f252586dc729fee78e1f7032f89') in 0.010565 seconds 
  Import took 0.012883 seconds .

========================================================================
Received Import Request.
  Time since last request: 0.000223 seconds.
  path: Assets/Models/Characters/Bandit/Materials/lambert1.mat
  artifactKey: Guid(d86640035c82a7b4ea7d59c0f7fbfff1) Importer(815301076,1909f56bfc062723c751e8b465ee728b)
Start importing Assets/Models/Characters/Bandit/Materials/lambert1.mat using Guid(d86640035c82a7b4ea7d59c0f7fbfff1) Importer(815301076,1909f56bfc062723c751e8b465ee728b)  -> (artifact id: '58c176a2ad85d6e2a5057fc5f2adf3bc') in 0.009321 seconds 
  Import took 0.011510 seconds .

========================================================================
Received Import Request.
  Time since last request: 4483.661685 seconds.
  path: Assets/Models/Characters/Bandit/Animations/New Animation.anim
  artifactKey: Guid(349efb9fbc1fa304c88319358d7c817e) Importer(815301076,1909f56bfc062723c751e8b465ee728b)
Start importing Assets/Models/Characters/Bandit/Animations/New Animation.anim using Guid(349efb9fbc1fa304c88319358d7c817e) Importer(815301076,1909f56bfc062723c751e8b465ee728b)  -> (artifact id: 'a38b595c7f55b41efdcee1483199472c') in 0.007302 seconds 
  Import took 0.010710 seconds .

AssetImportWorkerClient::OnTransportError - code=2 error=End of file
